app/build/intermediates/manifest_merge_blame_file/release/processReleaseMainManifest/manifest-merger-blame-release-report.txt
1<?xml version="1.0" encoding="utf-8"?>
2<manifest xmlns:android="http://schemas.android.com/apk/res/android"
3    package="com.lmusic"
4    android:versionCode="1"
5    android:versionName="1.0" >
6
7    <uses-sdk
8        android:minSdkVersion="26"
9        android:targetSdkVersion="34" />
10
11    <uses-permission android:name="android.permission.INTERNET" />
11-->src\main\AndroidManifest.xml:5:5-67
11-->src\main\AndroidManifest.xml:5:22-64
12    <uses-permission android:name="android.permission.FOREGROUND_SERVICE" />
12-->src\main\AndroidManifest.xml:6:5-77
12-->src\main\AndroidManifest.xml:6:22-74
13    <uses-permission android:name="android.permission.FOREGROUND_SERVICE_DATA_SYNC" />
13-->src\main\AndroidManifest.xml:7:5-87
13-->src\main\AndroidManifest.xml:7:22-84
14    <uses-permission android:name="android.permission.FOREGROUND_SERVICE_MEDIA_PLAYBACK" />
14-->src\main\AndroidManifest.xml:8:5-92
14-->src\main\AndroidManifest.xml:8:22-89
15    <uses-permission android:name="android.permission.POST_NOTIFICATIONS" />
15-->src\main\AndroidManifest.xml:9:5-77
15-->src\main\AndroidManifest.xml:9:22-74
16    <uses-permission
16-->src\main\AndroidManifest.xml:10:5-11:38
17        android:name="android.permission.WRITE_EXTERNAL_STORAGE"
17-->src\main\AndroidManifest.xml:10:22-78
18        android:maxSdkVersion="28" />
18-->src\main\AndroidManifest.xml:11:9-35
19    <uses-permission
19-->src\main\AndroidManifest.xml:12:5-13:38
20        android:name="android.permission.READ_EXTERNAL_STORAGE"
20-->src\main\AndroidManifest.xml:12:22-77
21        android:maxSdkVersion="32" />
21-->src\main\AndroidManifest.xml:13:9-35
22    <uses-permission android:name="android.permission.MANAGE_EXTERNAL_STORAGE" />
22-->src\main\AndroidManifest.xml:14:5-82
22-->src\main\AndroidManifest.xml:14:22-79
23    <!-- Android 13+ scoped media read for the music library scan -->
24    <uses-permission android:name="android.permission.READ_MEDIA_AUDIO" />
24-->src\main\AndroidManifest.xml:16:5-75
24-->src\main\AndroidManifest.xml:16:22-72
25    <uses-permission android:name="android.permission.WAKE_LOCK" />
25-->src\main\AndroidManifest.xml:17:5-68
25-->src\main\AndroidManifest.xml:17:22-65
26    <!-- Required on Android 11+ for PluginLoader to scan installed APKs for stream plugins -->
27    <uses-permission android:name="android.permission.QUERY_ALL_PACKAGES" />
27-->src\main\AndroidManifest.xml:19:5-20:53
27-->src\main\AndroidManifest.xml:19:22-74
28    <uses-permission android:name="android.permission.ACCESS_NETWORK_STATE" />
28-->[androidx.media3:media3-common:1.3.1] AndroidManifest.xml:22:5-79
28-->[androidx.media3:media3-common:1.3.1] AndroidManifest.xml:22:22-76
29    <uses-permission android:name="android.permission.RECEIVE_BOOT_COMPLETED" />
29-->[androidx.work:work-runtime:2.9.0] AndroidManifest.xml:25:5-81
29-->[androidx.work:work-runtime:2.9.0] AndroidManifest.xml:25:22-78
30
31    <permission
31-->[androidx.core:core:1.13.1] AndroidManifest.xml:22:5-24:47
32        android:name="com.lmusic.DYNAMIC_RECEIVER_NOT_EXPORTED_PERMISSION"
32-->[androidx.core:core:1.13.1] AndroidManifest.xml:23:9-81
33        android:protectionLevel="signature" />
33-->[androidx.core:core:1.13.1] AndroidManifest.xml:24:9-44
34
35    <uses-permission android:name="com.lmusic.DYNAMIC_RECEIVER_NOT_EXPORTED_PERMISSION" />
35-->[androidx.core:core:1.13.1] AndroidManifest.xml:26:5-97
35-->[androidx.core:core:1.13.1] AndroidManifest.xml:26:22-94
36
37    <application
37-->src\main\AndroidManifest.xml:22:5-126:19
38        android:name="com.lmusic.LmusicApp"
38-->src\main\AndroidManifest.xml:23:9-34
39        android:allowBackup="true"
39-->src\main\AndroidManifest.xml:24:9-35
40        android:appComponentFactory="androidx.core.app.CoreComponentFactory"
40-->[androidx.core:core:1.13.1] AndroidManifest.xml:28:18-86
41        android:extractNativeLibs="false"
42        android:icon="@mipmap/ic_launcher"
42-->src\main\AndroidManifest.xml:25:9-43
43        android:label="@string/app_name"
43-->src\main\AndroidManifest.xml:26:9-41
44        android:roundIcon="@mipmap/ic_launcher_round"
44-->src\main\AndroidManifest.xml:27:9-54
45        android:supportsRtl="true"
45-->src\main\AndroidManifest.xml:28:9-35
46        android:theme="@style/Theme.Lmusic" >
46-->src\main\AndroidManifest.xml:29:9-44
47        <activity
47-->src\main\AndroidManifest.xml:31:9-39:20
48            android:name="com.lmusic.MainActivity"
48-->src\main\AndroidManifest.xml:32:13-41
49            android:exported="true"
49-->src\main\AndroidManifest.xml:33:13-36
50            android:theme="@style/Theme.Lmusic.Splash" >
50-->src\main\AndroidManifest.xml:34:13-55
51            <intent-filter>
51-->src\main\AndroidManifest.xml:35:13-38:29
52                <action android:name="android.intent.action.MAIN" />
52-->src\main\AndroidManifest.xml:36:17-69
52-->src\main\AndroidManifest.xml:36:25-66
53
54                <category android:name="android.intent.category.LAUNCHER" />
54-->src\main\AndroidManifest.xml:37:17-77
54-->src\main\AndroidManifest.xml:37:27-74
55            </intent-filter>
56        </activity>
57
58        <!-- Accessibility service for triple power button detection -->
59        <service
59-->src\main\AndroidManifest.xml:42:9-52:19
60            android:name="com.lmusic.service.LmusicAccessibilityService"
60-->src\main\AndroidManifest.xml:43:13-63
61            android:exported="true"
61-->src\main\AndroidManifest.xml:45:13-36
62            android:permission="android.permission.BIND_ACCESSIBILITY_SERVICE" >
62-->src\main\AndroidManifest.xml:44:13-79
63            <intent-filter>
63-->src\main\AndroidManifest.xml:46:13-48:29
64                <action android:name="android.accessibilityservice.AccessibilityService" />
64-->src\main\AndroidManifest.xml:47:17-92
64-->src\main\AndroidManifest.xml:47:25-89
65            </intent-filter>
66
67            <meta-data
67-->src\main\AndroidManifest.xml:49:13-51:72
68                android:name="android.accessibilityservice"
68-->src\main\AndroidManifest.xml:50:17-60
69                android:resource="@xml/accessibility_service_config" />
69-->src\main\AndroidManifest.xml:51:17-69
70        </service>
71
72        <!-- Notification listener to extract YouTube video URL from media notification -->
73        <service
73-->src\main\AndroidManifest.xml:55:9-62:19
74            android:name="com.lmusic.service.LmusicNotificationListener"
74-->src\main\AndroidManifest.xml:56:13-63
75            android:exported="true"
75-->src\main\AndroidManifest.xml:58:13-36
76            android:permission="android.permission.BIND_NOTIFICATION_LISTENER_SERVICE" >
76-->src\main\AndroidManifest.xml:57:13-87
77            <intent-filter>
77-->src\main\AndroidManifest.xml:59:13-61:29
78                <action android:name="android.service.notification.NotificationListenerService" />
78-->src\main\AndroidManifest.xml:60:17-99
78-->src\main\AndroidManifest.xml:60:25-96
79            </intent-filter>
80        </service>
81
82        <!-- Foreground service for background yt-dlp downloads -->
83        <service
83-->src\main\AndroidManifest.xml:65:9-68:40
84            android:name="com.lmusic.service.DownloadService"
84-->src\main\AndroidManifest.xml:66:13-52
85            android:exported="false"
85-->src\main\AndroidManifest.xml:68:13-37
86            android:foregroundServiceType="dataSync" />
86-->src\main\AndroidManifest.xml:67:13-53
87
88        <!--
89            WorkManager uses its own SystemForegroundService to run expedited/foreground workers.
90            On Android 14+ (API 34+) the OS enforces that the type passed to startForeground()
91            is a subset of the type declared here. Our BatchRestoreWorker uses DATA_SYNC, so we
92            merge that type into WorkManager's service declaration via tools:node="merge".
93        -->
94        <service
94-->src\main\AndroidManifest.xml:76:9-79:34
95            android:name="androidx.work.impl.foreground.SystemForegroundService"
95-->src\main\AndroidManifest.xml:77:13-81
96            android:directBootAware="false"
96-->[androidx.work:work-runtime:2.9.0] AndroidManifest.xml:55:13-44
97            android:enabled="@bool/enable_system_foreground_service_default"
97-->[androidx.work:work-runtime:2.9.0] AndroidManifest.xml:56:13-77
98            android:exported="false"
98-->[androidx.work:work-runtime:2.9.0] AndroidManifest.xml:57:13-37
99            android:foregroundServiceType="dataSync" />
99-->src\main\AndroidManifest.xml:78:13-53
100
101        <!-- Media playback session — keeps music playing across app close, lock screen, Bluetooth -->
102        <service
102-->src\main\AndroidManifest.xml:82:9-89:19
103            android:name="com.lmusic.player.PlaybackService"
103-->src\main\AndroidManifest.xml:83:13-51
104            android:exported="true"
104-->src\main\AndroidManifest.xml:85:13-36
105            android:foregroundServiceType="mediaPlayback" >
105-->src\main\AndroidManifest.xml:84:13-58
106            <intent-filter>
106-->src\main\AndroidManifest.xml:86:13-88:29
107                <action android:name="androidx.media3.session.MediaSessionService" />
107-->src\main\AndroidManifest.xml:87:17-86
107-->src\main\AndroidManifest.xml:87:25-83
108            </intent-filter>
109        </service>
110
111        <!-- Share target: YouTube → Share → Lmusic -->
112        <activity
112-->src\main\AndroidManifest.xml:92:9-101:20
113            android:name="com.lmusic.ShareActivity"
113-->src\main\AndroidManifest.xml:93:13-42
114            android:exported="true"
114-->src\main\AndroidManifest.xml:94:13-36
115            android:theme="@android:style/Theme.NoDisplay" >
115-->src\main\AndroidManifest.xml:95:13-59
116            <intent-filter>
116-->src\main\AndroidManifest.xml:96:13-100:29
117                <action android:name="android.intent.action.SEND" />
117-->src\main\AndroidManifest.xml:97:17-69
117-->src\main\AndroidManifest.xml:97:25-66
118
119                <category android:name="android.intent.category.DEFAULT" />
119-->src\main\AndroidManifest.xml:98:17-76
119-->src\main\AndroidManifest.xml:98:27-73
120
121                <data android:mimeType="text/plain" />
121-->src\main\AndroidManifest.xml:99:17-55
121-->src\main\AndroidManifest.xml:99:23-52
122            </intent-filter>
123        </activity>
124
125        <!-- FileProvider for playing locally-saved tracks (pre-Android 10 path) -->
126        <provider
127            android:name="androidx.core.content.FileProvider"
127-->src\main\AndroidManifest.xml:105:13-62
128            android:authorities="com.lmusic.fileprovider"
128-->src\main\AndroidManifest.xml:106:13-64
129            android:exported="false"
129-->src\main\AndroidManifest.xml:107:13-37
130            android:grantUriPermissions="true" >
130-->src\main\AndroidManifest.xml:108:13-47
131            <meta-data
131-->src\main\AndroidManifest.xml:109:13-111:54
132                android:name="android.support.FILE_PROVIDER_PATHS"
132-->src\main\AndroidManifest.xml:110:17-67
133                android:resource="@xml/file_paths" />
133-->src\main\AndroidManifest.xml:111:17-51
134        </provider>
135
136        <!-- Home-screen widget: track info + transport controls -->
137        <receiver
137-->src\main\AndroidManifest.xml:115:9-124:20
138            android:name="com.lmusic.widget.LmusicWidget"
138-->src\main\AndroidManifest.xml:116:13-48
139            android:exported="false" >
139-->src\main\AndroidManifest.xml:117:13-37
140            <intent-filter>
140-->src\main\AndroidManifest.xml:118:13-120:29
141                <action android:name="android.appwidget.action.APPWIDGET_UPDATE" />
141-->src\main\AndroidManifest.xml:119:17-84
141-->src\main\AndroidManifest.xml:119:25-81
142            </intent-filter>
143
144            <meta-data
144-->src\main\AndroidManifest.xml:121:13-123:58
145                android:name="android.appwidget.provider"
145-->src\main\AndroidManifest.xml:122:17-58
146                android:resource="@xml/appwidget_info" />
146-->src\main\AndroidManifest.xml:123:17-55
147        </receiver>
148
149        <provider
149-->[androidx.emoji2:emoji2:1.3.0] AndroidManifest.xml:24:9-32:20
150            android:name="androidx.startup.InitializationProvider"
150-->[androidx.emoji2:emoji2:1.3.0] AndroidManifest.xml:25:13-67
151            android:authorities="com.lmusic.androidx-startup"
151-->[androidx.emoji2:emoji2:1.3.0] AndroidManifest.xml:26:13-68
152            android:exported="false" >
152-->[androidx.emoji2:emoji2:1.3.0] AndroidManifest.xml:27:13-37
153            <meta-data
153-->[androidx.emoji2:emoji2:1.3.0] AndroidManifest.xml:29:13-31:52
154                android:name="androidx.emoji2.text.EmojiCompatInitializer"
154-->[androidx.emoji2:emoji2:1.3.0] AndroidManifest.xml:30:17-75
155                android:value="androidx.startup" />
155-->[androidx.emoji2:emoji2:1.3.0] AndroidManifest.xml:31:17-49
156            <meta-data
156-->[androidx.work:work-runtime:2.9.0] AndroidManifest.xml:34:13-36:52
157                android:name="androidx.work.WorkManagerInitializer"
157-->[androidx.work:work-runtime:2.9.0] AndroidManifest.xml:35:17-68
158                android:value="androidx.startup" />
158-->[androidx.work:work-runtime:2.9.0] AndroidManifest.xml:36:17-49
159            <meta-data
159-->[androidx.lifecycle:lifecycle-process:2.8.3] AndroidManifest.xml:29:13-31:52
160                android:name="androidx.lifecycle.ProcessLifecycleInitializer"
160-->[androidx.lifecycle:lifecycle-process:2.8.3] AndroidManifest.xml:30:17-78
161                android:value="androidx.startup" />
161-->[androidx.lifecycle:lifecycle-process:2.8.3] AndroidManifest.xml:31:17-49
162            <meta-data
162-->[androidx.profileinstaller:profileinstaller:1.3.1] AndroidManifest.xml:29:13-31:52
163                android:name="androidx.profileinstaller.ProfileInstallerInitializer"
163-->[androidx.profileinstaller:profileinstaller:1.3.1] AndroidManifest.xml:30:17-85
164                android:value="androidx.startup" />
164-->[androidx.profileinstaller:profileinstaller:1.3.1] AndroidManifest.xml:31:17-49
165        </provider>
166
167        <service
167-->[androidx.work:work-runtime:2.9.0] AndroidManifest.xml:39:9-45:35
168            android:name="androidx.work.impl.background.systemalarm.SystemAlarmService"
168-->[androidx.work:work-runtime:2.9.0] AndroidManifest.xml:40:13-88
169            android:directBootAware="false"
169-->[androidx.work:work-runtime:2.9.0] AndroidManifest.xml:41:13-44
170            android:enabled="@bool/enable_system_alarm_service_default"
170-->[androidx.work:work-runtime:2.9.0] AndroidManifest.xml:42:13-72
171            android:exported="false" />
171-->[androidx.work:work-runtime:2.9.0] AndroidManifest.xml:43:13-37
172        <service
172-->[androidx.work:work-runtime:2.9.0] AndroidManifest.xml:46:9-52:35
173            android:name="androidx.work.impl.background.systemjob.SystemJobService"
173-->[androidx.work:work-runtime:2.9.0] AndroidManifest.xml:47:13-84
174            android:directBootAware="false"
174-->[androidx.work:work-runtime:2.9.0] AndroidManifest.xml:48:13-44
175            android:enabled="@bool/enable_system_job_service_default"
175-->[androidx.work:work-runtime:2.9.0] AndroidManifest.xml:49:13-70
176            android:exported="true"
176-->[androidx.work:work-runtime:2.9.0] AndroidManifest.xml:50:13-36
177            android:permission="android.permission.BIND_JOB_SERVICE" />
177-->[androidx.work:work-runtime:2.9.0] AndroidManifest.xml:51:13-69
178
179        <receiver
179-->[androidx.work:work-runtime:2.9.0] AndroidManifest.xml:61:9-66:35
180            android:name="androidx.work.impl.utils.ForceStopRunnable$BroadcastReceiver"
180-->[androidx.work:work-runtime:2.9.0] AndroidManifest.xml:62:13-88
181            android:directBootAware="false"
181-->[androidx.work:work-runtime:2.9.0] AndroidManifest.xml:63:13-44
182            android:enabled="true"
182-->[androidx.work:work-runtime:2.9.0] AndroidManifest.xml:64:13-35
183            android:exported="false" />
183-->[androidx.work:work-runtime:2.9.0] AndroidManifest.xml:65:13-37
184        <receiver
184-->[androidx.work:work-runtime:2.9.0] AndroidManifest.xml:67:9-77:20
185            android:name="androidx.work.impl.background.systemalarm.ConstraintProxy$BatteryChargingProxy"
185-->[androidx.work:work-runtime:2.9.0] AndroidManifest.xml:68:13-106
186            android:directBootAware="false"
186-->[androidx.work:work-runtime:2.9.0] AndroidManifest.xml:69:13-44
187            android:enabled="false"
187-->[androidx.work:work-runtime:2.9.0] AndroidManifest.xml:70:13-36
188            android:exported="false" >
188-->[androidx.work:work-runtime:2.9.0] AndroidManifest.xml:71:13-37
189            <intent-filter>
189-->[androidx.work:work-runtime:2.9.0] AndroidManifest.xml:73:13-76:29
190                <action android:name="android.intent.action.ACTION_POWER_CONNECTED" />
190-->[androidx.work:work-runtime:2.9.0] AndroidManifest.xml:74:17-87
190-->[androidx.work:work-runtime:2.9.0] AndroidManifest.xml:74:25-84
191                <action android:name="android.intent.action.ACTION_POWER_DISCONNECTED" />
191-->[androidx.work:work-runtime:2.9.0] AndroidManifest.xml:75:17-90
191-->[androidx.work:work-runtime:2.9.0] AndroidManifest.xml:75:25-87
192            </intent-filter>
193        </receiver>
194        <receiver
194-->[androidx.work:work-runtime:2.9.0] AndroidManifest.xml:78:9-88:20
195            android:name="androidx.work.impl.background.systemalarm.ConstraintProxy$BatteryNotLowProxy"
195-->[androidx.work:work-runtime:2.9.0] AndroidManifest.xml:79:13-104
196            android:directBootAware="false"
196-->[androidx.work:work-runtime:2.9.0] AndroidManifest.xml:80:13-44
197            android:enabled="false"
197-->[androidx.work:work-runtime:2.9.0] AndroidManifest.xml:81:13-36
198            android:exported="false" >
198-->[androidx.work:work-runtime:2.9.0] AndroidManifest.xml:82:13-37
199            <intent-filter>
199-->[androidx.work:work-runtime:2.9.0] AndroidManifest.xml:84:13-87:29
200                <action android:name="android.intent.action.BATTERY_OKAY" />
200-->[androidx.work:work-runtime:2.9.0] AndroidManifest.xml:85:17-77
200-->[androidx.work:work-runtime:2.9.0] AndroidManifest.xml:85:25-74
201                <action android:name="android.intent.action.BATTERY_LOW" />
201-->[androidx.work:work-runtime:2.9.0] AndroidManifest.xml:86:17-76
201-->[androidx.work:work-runtime:2.9.0] AndroidManifest.xml:86:25-73
202            </intent-filter>
203        </receiver>
204        <receiver
204-->[androidx.work:work-runtime:2.9.0] AndroidManifest.xml:89:9-99:20
205            android:name="androidx.work.impl.background.systemalarm.ConstraintProxy$StorageNotLowProxy"
205-->[androidx.work:work-runtime:2.9.0] AndroidManifest.xml:90:13-104
206            android:directBootAware="false"
206-->[androidx.work:work-runtime:2.9.0] AndroidManifest.xml:91:13-44
207            android:enabled="false"
207-->[androidx.work:work-runtime:2.9.0] AndroidManifest.xml:92:13-36
208            android:exported="false" >
208-->[androidx.work:work-runtime:2.9.0] AndroidManifest.xml:93:13-37
209            <intent-filter>
209-->[androidx.work:work-runtime:2.9.0] AndroidManifest.xml:95:13-98:29
210                <action android:name="android.intent.action.DEVICE_STORAGE_LOW" />
210-->[androidx.work:work-runtime:2.9.0] AndroidManifest.xml:96:17-83
210-->[androidx.work:work-runtime:2.9.0] AndroidManifest.xml:96:25-80
211                <action android:name="android.intent.action.DEVICE_STORAGE_OK" />
211-->[androidx.work:work-runtime:2.9.0] AndroidManifest.xml:97:17-82
211-->[androidx.work:work-runtime:2.9.0] AndroidManifest.xml:97:25-79
212            </intent-filter>
213        </receiver>
214        <receiver
214-->[androidx.work:work-runtime:2.9.0] AndroidManifest.xml:100:9-109:20
215            android:name="androidx.work.impl.background.systemalarm.ConstraintProxy$NetworkStateProxy"
215-->[androidx.work:work-runtime:2.9.0] AndroidManifest.xml:101:13-103
216            android:directBootAware="false"
216-->[androidx.work:work-runtime:2.9.0] AndroidManifest.xml:102:13-44
217            android:enabled="false"
217-->[androidx.work:work-runtime:2.9.0] AndroidManifest.xml:103:13-36
218            android:exported="false" >
218-->[androidx.work:work-runtime:2.9.0] AndroidManifest.xml:104:13-37
219            <intent-filter>
219-->[androidx.work:work-runtime:2.9.0] AndroidManifest.xml:106:13-108:29
220                <action android:name="android.net.conn.CONNECTIVITY_CHANGE" />
220-->[androidx.work:work-runtime:2.9.0] AndroidManifest.xml:107:17-79
220-->[androidx.work:work-runtime:2.9.0] AndroidManifest.xml:107:25-76
221            </intent-filter>
222        </receiver>
223        <receiver
223-->[androidx.work:work-runtime:2.9.0] AndroidManifest.xml:110:9-121:20
224            android:name="androidx.work.impl.background.systemalarm.RescheduleReceiver"
224-->[androidx.work:work-runtime:2.9.0] AndroidManifest.xml:111:13-88
225            android:directBootAware="false"
225-->[androidx.work:work-runtime:2.9.0] AndroidManifest.xml:112:13-44
226            android:enabled="false"
226-->[androidx.work:work-runtime:2.9.0] AndroidManifest.xml:113:13-36
227            android:exported="false" >
227-->[androidx.work:work-runtime:2.9.0] AndroidManifest.xml:114:13-37
228            <intent-filter>
228-->[androidx.work:work-runtime:2.9.0] AndroidManifest.xml:116:13-120:29
229                <action android:name="android.intent.action.BOOT_COMPLETED" />
229-->[androidx.work:work-runtime:2.9.0] AndroidManifest.xml:117:17-79
229-->[androidx.work:work-runtime:2.9.0] AndroidManifest.xml:117:25-76
230                <action android:name="android.intent.action.TIME_SET" />
230-->[androidx.work:work-runtime:2.9.0] AndroidManifest.xml:118:17-73
230-->[androidx.work:work-runtime:2.9.0] AndroidManifest.xml:118:25-70
231                <action android:name="android.intent.action.TIMEZONE_CHANGED" />
231-->[androidx.work:work-runtime:2.9.0] AndroidManifest.xml:119:17-81
231-->[androidx.work:work-runtime:2.9.0] AndroidManifest.xml:119:25-78
232            </intent-filter>
233        </receiver>
234        <receiver
234-->[androidx.work:work-runtime:2.9.0] AndroidManifest.xml:122:9-131:20
235            android:name="androidx.work.impl.background.systemalarm.ConstraintProxyUpdateReceiver"
235-->[androidx.work:work-runtime:2.9.0] AndroidManifest.xml:123:13-99
236            android:directBootAware="false"
236-->[androidx.work:work-runtime:2.9.0] AndroidManifest.xml:124:13-44
237            android:enabled="@bool/enable_system_alarm_service_default"
237-->[androidx.work:work-runtime:2.9.0] AndroidManifest.xml:125:13-72
238            android:exported="false" >
238-->[androidx.work:work-runtime:2.9.0] AndroidManifest.xml:126:13-37
239            <intent-filter>
239-->[androidx.work:work-runtime:2.9.0] AndroidManifest.xml:128:13-130:29
240                <action android:name="androidx.work.impl.background.systemalarm.UpdateProxies" />
240-->[androidx.work:work-runtime:2.9.0] AndroidManifest.xml:129:17-98
240-->[androidx.work:work-runtime:2.9.0] AndroidManifest.xml:129:25-95
241            </intent-filter>
242        </receiver>
243        <receiver
243-->[androidx.work:work-runtime:2.9.0] AndroidManifest.xml:132:9-142:20
244            android:name="androidx.work.impl.diagnostics.DiagnosticsReceiver"
244-->[androidx.work:work-runtime:2.9.0] AndroidManifest.xml:133:13-78
245            android:directBootAware="false"
245-->[androidx.work:work-runtime:2.9.0] AndroidManifest.xml:134:13-44
246            android:enabled="true"
246-->[androidx.work:work-runtime:2.9.0] AndroidManifest.xml:135:13-35
247            android:exported="true"
247-->[androidx.work:work-runtime:2.9.0] AndroidManifest.xml:136:13-36
248            android:permission="android.permission.DUMP" >
248-->[androidx.work:work-runtime:2.9.0] AndroidManifest.xml:137:13-57
249            <intent-filter>
249-->[androidx.work:work-runtime:2.9.0] AndroidManifest.xml:139:13-141:29
250                <action android:name="androidx.work.diagnostics.REQUEST_DIAGNOSTICS" />
250-->[androidx.work:work-runtime:2.9.0] AndroidManifest.xml:140:17-88
250-->[androidx.work:work-runtime:2.9.0] AndroidManifest.xml:140:25-85
251            </intent-filter>
252        </receiver>
253
254        <uses-library
254-->[androidx.window:window:1.0.0] AndroidManifest.xml:25:9-27:40
255            android:name="androidx.window.extensions"
255-->[androidx.window:window:1.0.0] AndroidManifest.xml:26:13-54
256            android:required="false" />
256-->[androidx.window:window:1.0.0] AndroidManifest.xml:27:13-37
257        <uses-library
257-->[androidx.window:window:1.0.0] AndroidManifest.xml:28:9-30:40
258            android:name="androidx.window.sidecar"
258-->[androidx.window:window:1.0.0] AndroidManifest.xml:29:13-51
259            android:required="false" />
259-->[androidx.window:window:1.0.0] AndroidManifest.xml:30:13-37
260
261        <service
261-->[androidx.room:room-runtime:2.6.1] AndroidManifest.xml:24:9-28:63
262            android:name="androidx.room.MultiInstanceInvalidationService"
262-->[androidx.room:room-runtime:2.6.1] AndroidManifest.xml:25:13-74
263            android:directBootAware="true"
263-->[androidx.room:room-runtime:2.6.1] AndroidManifest.xml:26:13-43
264            android:exported="false" />
264-->[androidx.room:room-runtime:2.6.1] AndroidManifest.xml:27:13-37
265
266        <receiver
266-->[androidx.profileinstaller:profileinstaller:1.3.1] AndroidManifest.xml:34:9-52:20
267            android:name="androidx.profileinstaller.ProfileInstallReceiver"
267-->[androidx.profileinstaller:profileinstaller:1.3.1] AndroidManifest.xml:35:13-76
268            android:directBootAware="false"
268-->[androidx.profileinstaller:profileinstaller:1.3.1] AndroidManifest.xml:36:13-44
269            android:enabled="true"
269-->[androidx.profileinstaller:profileinstaller:1.3.1] AndroidManifest.xml:37:13-35
270            android:exported="true"
270-->[androidx.profileinstaller:profileinstaller:1.3.1] AndroidManifest.xml:38:13-36
271            android:permission="android.permission.DUMP" >
271-->[androidx.profileinstaller:profileinstaller:1.3.1] AndroidManifest.xml:39:13-57
272            <intent-filter>
272-->[androidx.profileinstaller:profileinstaller:1.3.1] AndroidManifest.xml:40:13-42:29
273                <action android:name="androidx.profileinstaller.action.INSTALL_PROFILE" />
273-->[androidx.profileinstaller:profileinstaller:1.3.1] AndroidManifest.xml:41:17-91
273-->[androidx.profileinstaller:profileinstaller:1.3.1] AndroidManifest.xml:41:25-88
274            </intent-filter>
275            <intent-filter>
275-->[androidx.profileinstaller:profileinstaller:1.3.1] AndroidManifest.xml:43:13-45:29
276                <action android:name="androidx.profileinstaller.action.SKIP_FILE" />
276-->[androidx.profileinstaller:profileinstaller:1.3.1] AndroidManifest.xml:44:17-85
276-->[androidx.profileinstaller:profileinstaller:1.3.1] AndroidManifest.xml:44:25-82
277            </intent-filter>
278            <intent-filter>
278-->[androidx.profileinstaller:profileinstaller:1.3.1] AndroidManifest.xml:46:13-48:29
279                <action android:name="androidx.profileinstaller.action.SAVE_PROFILE" />
279-->[androidx.profileinstaller:profileinstaller:1.3.1] AndroidManifest.xml:47:17-88
279-->[androidx.profileinstaller:profileinstaller:1.3.1] AndroidManifest.xml:47:25-85
280            </intent-filter>
281            <intent-filter>
281-->[androidx.profileinstaller:profileinstaller:1.3.1] AndroidManifest.xml:49:13-51:29
282                <action android:name="androidx.profileinstaller.action.BENCHMARK_OPERATION" />
282-->[androidx.profileinstaller:profileinstaller:1.3.1] AndroidManifest.xml:50:17-95
282-->[androidx.profileinstaller:profileinstaller:1.3.1] AndroidManifest.xml:50:25-92
283            </intent-filter>
284        </receiver>
285    </application>
286
287</manifest>